# JRE version: Java(TM) SE Runtime Environment (8.0_191-b12) (build 1.8.0_191-b12)
# Java VM: Java HotSpot(TM) Client VM (25.191-b12 mixed mode windows-x86 )
Heap:
 def new generation   total 98496K, used 11128K [0x04600000, 0x0b0d0000, 0x0f0a0000)
  eden space 87616K,  12% used [0x04600000, 0x050de258, 0x09b90000)
  from space 10880K,   0% used [0x09b90000, 0x09b90000, 0x0a630000)
  to   space 10880K,   0% used [0x0a630000, 0x0a630000, 0x0b0d0000)
 tenured generation   total 218612K, used 131166K [0x0f0a0000, 0x1c61d000, 0x24600000)
   the space 218612K,  59% used [0x0f0a0000, 0x170b7a78, 0x170b7c00, 0x1c61d000)
 Metaspace       used 25317K, capacity 25848K, committed 25984K, reserved 25984K
GC Heap History (10 events):
Event: 1711.081 GC heap before
{Heap before GC invocations=21 (full 2):
 def new generation   total 62720K, used 59219K [0x04600000, 0x08a00000, 0x0f0a0000)
  eden space 55808K, 100% used [0x04600000, 0x07c80000, 0x07c80000)
  from space 6912K,  49% used [0x08340000, 0x08694c18, 0x08a00000)
  to   space 6912K,   0% used [0x07c80000, 0x07c80000, 0x08340000)
 tenured generation   total 139120K, used 104120K [0x0f0a0000, 0x1787c000, 0x24600000)
   the space 139120K,  74% used [0x0f0a0000, 0x1564e238, 0x1564e400, 0x1787c000)
 Metaspace       used 25379K, capacity 25909K, committed 25984K, reserved 25984K
Event: 1711.087 GC heap after
Heap after GC invocations=22 (full 2):
 def new generation   total 62720K, used 3556K [0x04600000, 0x08a00000, 0x0f0a0000)
  eden space 55808K,   0% used [0x04600000, 0x04600000, 0x07c80000)
  from space 6912K,  51% used [0x07c80000, 0x07ff9090, 0x08340000)
  to   space 6912K,   0% used [0x08340000, 0x08340000, 0x08a00000)
 tenured generation   total 139120K, used 104120K [0x0f0a0000, 0x1787c000, 0x24600000)
   the space 139120K,  74% used [0x0f0a0000, 0x1564e238, 0x1564e400, 0x1787c000)
 Metaspace       used 25379K, capacity 25909K, committed 25984K, reserved 25984K
}
Event: 1752.643 GC heap before
{Heap before GC invocations=22 (full 2):
 def new generation   total 62720K, used 59253K [0x04600000, 0x08a00000, 0x0f0a0000)
  eden space 55808K,  99% used [0x04600000, 0x07c64660, 0x07c80000)
  from space 6912K,  51% used [0x07c80000, 0x07ff9090, 0x08340000)
  to   space 6912K,   0% used [0x08340000, 0x08340000, 0x08a00000)
 tenured generation   total 139120K, used 104120K [0x0f0a0000, 0x1787c000, 0x24600000)
   the space 139120K,  74% used [0x0f0a0000, 0x1564e238, 0x1564e400, 0x1787c000)
 Metaspace       used 25382K, capacity 25941K, committed 25984K, reserved 25984K
Event: 1752.671 GC heap after
Heap after GC invocations=23 (full 2):
 def new generation   total 62720K, used 6912K [0x04600000, 0x08a00000, 0x0f0a0000)
  eden space 55808K,   0% used [0x04600000, 0x04600000, 0x07c80000)
  from space 6912K, 100% used [0x08340000, 0x08a00000, 0x08a00000)
  to   space 6912K,   0% used [0x07c80000, 0x07c80000, 0x08340000)
 tenured generation   total 139120K, used 109578K [0x0f0a0000, 0x1787c000, 0x24600000)
   the space 139120K,  78% used [0x0f0a0000, 0x15ba2b78, 0x15ba2c00, 0x1787c000)
 Metaspace       used 25382K, capacity 25941K, committed 25984K, reserved 25984K
}
Event: 1753.421 GC heap before
{Heap before GC invocations=23 (full 2):
 def new generation   total 62720K, used 56452K [0x04600000, 0x08a00000, 0x0f0a0000)
  eden space 55808K,  88% used [0x04600000, 0x07661240, 0x07c80000)
  from space 6912K, 100% used [0x08340000, 0x08a00000, 0x08a00000)
  to   space 6912K,   0% used [0x07c80000, 0x07c80000, 0x08340000)
 tenured generation   total 139120K, used 109578K [0x0f0a0000, 0x1787c000, 0x24600000)
   the space 139120K,  78% used [0x0f0a0000, 0x15ba2b78, 0x15ba2c00, 0x1787c000)
 Metaspace       used 25382K, capacity 25941K, committed 25984K, reserved 25984K
Event: 1753.435 GC heap after
Heap after GC invocations=24 (full 2):
 def new generation   total 62720K, used 6379K [0x04600000, 0x08a00000, 0x0f0a0000)
  eden space 55808K,   0% used [0x04600000, 0x04600000, 0x07c80000)
  from space 6912K,  92% used [0x07c80000, 0x082baf30, 0x08340000)
  to   space 6912K,   0% used [0x08340000, 0x08340000, 0x08a00000)
 tenured generation   total 139120K, used 117380K [0x0f0a0000, 0x1787c000, 0x24600000)
   the space 139120K,  84% used [0x0f0a0000, 0x16341158, 0x16341200, 0x1787c000)
 Metaspace       used 25382K, capacity 25941K, committed 25984K, reserved 25984K
}
Event: 1754.441 GC heap before
{Heap before GC invocations=24 (full 2):
 def new generation   total 62720K, used 55033K [0x04600000, 0x08a00000, 0x0f0a0000)
  eden space 55808K,  87% used [0x04600000, 0x075835e0, 0x07c80000)
  from space 6912K,  92% used [0x07c80000, 0x082baf30, 0x08340000)
  to   space 6912K,   0% used [0x08340000, 0x08340000, 0x08a00000)
 tenured generation   total 139120K, used 117380K [0x0f0a0000, 0x1787c000, 0x24600000)
   the space 139120K,  84% used [0x0f0a0000, 0x16341158, 0x16341200, 0x1787c000)
 Metaspace       used 25382K, capacity 25941K, committed 25984K, reserved 25984K
Event: 1754.457 GC heap after
Heap after GC invocations=25 (full 2):
 def new generation   total 62720K, used 6864K [0x04600000, 0x08a00000, 0x0f0a0000)
  eden space 55808K,   0% used [0x04600000, 0x04600000, 0x07c80000)
  from space 6912K,  99% used [0x08340000, 0x089f4240, 0x08a00000)
  to   space 6912K,   0% used [0x07c80000, 0x07c80000, 0x08340000)
 tenured generation   total 139120K, used 129994K [0x0f0a0000, 0x1787c000, 0x24600000)
   the space 139120K,  93% used [0x0f0a0000, 0x16f92b50, 0x16f92c00, 0x1787c000)
 Metaspace       used 25382K, capacity 25941K, committed 25984K, reserved 25984K
}
Event: 1755.691 GC heap before
{Heap before GC invocations=25 (full 2):
 def new generation   total 62720K, used 60650K [0x04600000, 0x08a00000, 0x0f0a0000)
  eden space 55808K,  96% used [0x04600000, 0x07a86870, 0x07c80000)
  from space 6912K,  99% used [0x08340000, 0x089f4240, 0x08a00000)
  to   space 6912K,   0% used [0x07c80000, 0x07c80000, 0x08340000)
 tenured generation   total 139120K, used 129994K [0x0f0a0000, 0x1787c000, 0x24600000)
   the space 139120K,  93% used [0x0f0a0000, 0x16f92b50, 0x16f92c00, 0x1787c000)
 Metaspace       used 25382K, capacity 25941K, committed 25984K, reserved 25984K
Event: 1756.380 GC heap after
Heap after GC invocations=26 (full 3):
 def new generation   total 98496K, used 0K [0x04600000, 0x0b0d0000, 0x0f0a0000)
  eden space 87616K,   0% used [0x04600000, 0x04600000, 0x09b90000)
  from space 10880K,   0% used [0x09b90000, 0x09b90000, 0x0a630000)
  to   space 10880K,   0% used [0x0a630000, 0x0a630000, 0x0b0d0000)
 tenured generation   total 218612K, used 131166K [0x0f0a0000, 0x1c61d000, 0x24600000)
   the space 218612K,  59% used [0x0f0a0000, 0x170b7a78, 0x170b7c00, 0x1c61d000)
 Metaspace       used 25317K, capacity 25848K, committed 25984K, reserved 25984K
}

